  Win32Frame.cpp
  TestScene.cpp
  PlayScene.cpp
  OtterVector.cpp
  Object.cpp
  GDIObject.cpp
  MenuScene.cpp
c:\myfolder\kpu\2015_first_semester\windowprogramming(ta)\win32solution\win32frame\win32frame\menuscene.cpp(32): warning C4244: 'argument' : conversion from 'double' to 'float', possible loss of data
c:\myfolder\kpu\2015_first_semester\windowprogramming(ta)\win32solution\win32frame\win32frame\menuscene.cpp(35): warning C4244: 'argument' : conversion from 'double' to 'float', possible loss of data
  Main.cpp
  List.cpp
  InputSystem.cpp
  GDIRect.cpp
c:\myfolder\kpu\2015_first_semester\windowprogramming(ta)\win32solution\win32frame\win32frame\gdirect.cpp(22): warning C4244: '=' : conversion from 'float' to 'LONG', possible loss of data
c:\myfolder\kpu\2015_first_semester\windowprogramming(ta)\win32solution\win32frame\win32frame\gdirect.cpp(23): warning C4244: '=' : conversion from 'float' to 'LONG', possible loss of data
c:\myfolder\kpu\2015_first_semester\windowprogramming(ta)\win32solution\win32frame\win32frame\gdirect.cpp(25): warning C4244: '=' : conversion from 'float' to 'LONG', possible loss of data
c:\myfolder\kpu\2015_first_semester\windowprogramming(ta)\win32solution\win32frame\win32frame\gdirect.cpp(26): warning C4244: '=' : conversion from 'float' to 'LONG', possible loss of data
c:\myfolder\kpu\2015_first_semester\windowprogramming(ta)\win32solution\win32frame\win32frame\gdirect.cpp(34): warning C4244: '=' : conversion from 'float' to 'LONG', possible loss of data
c:\myfolder\kpu\2015_first_semester\windowprogramming(ta)\win32solution\win32frame\win32frame\gdirect.cpp(35): warning C4244: '=' : conversion from 'float' to 'LONG', possible loss of data
c:\myfolder\kpu\2015_first_semester\windowprogramming(ta)\win32solution\win32frame\win32frame\gdirect.cpp(37): warning C4244: '=' : conversion from 'float' to 'LONG', possible loss of data
c:\myfolder\kpu\2015_first_semester\windowprogramming(ta)\win32solution\win32frame\win32frame\gdirect.cpp(38): warning C4244: '=' : conversion from 'float' to 'LONG', possible loss of data
c:\myfolder\kpu\2015_first_semester\windowprogramming(ta)\win32solution\win32frame\win32frame\gdirect.cpp(44): warning C4244: 'argument' : conversion from 'int' to 'float', possible loss of data
c:\myfolder\kpu\2015_first_semester\windowprogramming(ta)\win32solution\win32frame\win32frame\gdirect.cpp(57): warning C4244: '=' : conversion from 'float' to 'LONG', possible loss of data
c:\myfolder\kpu\2015_first_semester\windowprogramming(ta)\win32solution\win32frame\win32frame\gdirect.cpp(58): warning C4244: '=' : conversion from 'float' to 'LONG', possible loss of data
c:\myfolder\kpu\2015_first_semester\windowprogramming(ta)\win32solution\win32frame\win32frame\gdirect.cpp(60): warning C4244: '=' : conversion from 'float' to 'LONG', possible loss of data
c:\myfolder\kpu\2015_first_semester\windowprogramming(ta)\win32solution\win32frame\win32frame\gdirect.cpp(61): warning C4244: '=' : conversion from 'float' to 'LONG', possible loss of data
c:\myfolder\kpu\2015_first_semester\windowprogramming(ta)\win32solution\win32frame\win32frame\gdirect.cpp(66): warning C4244: 'argument' : conversion from 'int' to 'float', possible loss of data
  Generating Code...
  Win32Frame.vcxproj -> C:\Myfolder\KPU\2015_First_Semester\WindowProgramming(TA)\Win32Solution\Win32Frame\Debug\Win32Frame.exe
